{"D:\\mycode\\Mylearning\\Bookshelf\\bookshelffrontend\\src\\components\\testingfolder\\sum.js": {"path":"D:\\mycode\\Mylearning\\Bookshelf\\bookshelffrontend\\src\\components\\testingfolder\\sum.js","statementMap":{"0":{"start":{"line":1,"column":18},"end":{"line":1,"column":28}},"1":{"start":{"line":1,"column":25},"end":{"line":1,"column":28}},"2":{"start":{"line":3,"column":23},"end":{"line":3,"column":33}},"3":{"start":{"line":3,"column":30},"end":{"line":3,"column":33}}},"fnMap":{"0":{"name":"(anonymous_0)","decl":{"start":{"line":1,"column":18},"end":{"line":1,"column":19}},"loc":{"start":{"line":1,"column":25},"end":{"line":1,"column":28}},"line":1},"1":{"name":"(anonymous_1)","decl":{"start":{"line":3,"column":23},"end":{"line":3,"column":24}},"loc":{"start":{"line":3,"column":30},"end":{"line":3,"column":33}},"line":3}},"branchMap":{},"s":{"0":1,"1":2,"2":1,"3":2},"f":{"0":2,"1":2},"b":{},"_coverageSchema":"1a1c01bbd47fc00a2c39e90264f33305004495a9","hash":"a1e09b33763d670ea133d048ac48ad50f4f18f18"}
}
